<?xml version="1.0" encoding="UTF-8"?>
<!-- Generated by org.testng.reporters.JUnitReportReporter -->
<testsuite hostname="Boku" failures="0" tests="1" name="runner.CucumberRunner" time="7.973" errors="0" timestamp="2023-08-20T19:00:03 IST" skipped="0">
  <testcase classname="runner.CucumberRunner" name="runScenario" time="7.973"/>
</testsuite> <!-- runner.CucumberRunner -->
